<?xml version="1.0" encoding="UTF-8"?>
<!-- Generated by org.testng.reporters.JUnitReportReporter -->
<testsuite hostname="LAPTOP-GARVDFCE" failures="0" tests="1" name="driverFactory.AppTest" time="22.583" errors="0" timestamp="2025-06-24T13:49:10 IST" skipped="0">
  <testcase classname="driverFactory.AppTest" name="startTest" time="22.583">
    <system-out>
      <![CDATA[Customer-00000000908          Customer-00000000908]]>
    </system-out>
  </testcase> <!-- startTest -->
  <system-out>
    <![CDATA[Customer-00000000908          Customer-00000000908]]>
  </system-out>
</testsuite> <!-- driverFactory.AppTest -->
