<?xml version="1.0" encoding="UTF-8"?>
<!-- Generated by org.testng.reporters.JUnitReportReporter -->
<testsuite hostname="LAPTOP-GARVDFCE" failures="0" tests="1" name="driverFactory.AppTest" time="34.888" errors="0" timestamp="2025-06-27T12:52:56 IST" skipped="0">
  <testcase classname="driverFactory.AppTest" name="startTest" time="34.888"/>
</testsuite> <!-- driverFactory.AppTest -->
